Namespace(cfg='experiments/cls_res18.yaml', dataDir='', logDir='', modelDir='', testModel='')
{'AUTO_RESUME': False,
 'CUDNN': CfgNode({'BENCHMARK': True, 'DETERMINISTIC': False, 'ENABLED': True}),
 'DATASET': {'COLOR_RGB': False,
             'DATASET': 'dog',
             'DATA_FORMAT': 'jpg',
             'FLIP': True,
             'HYBRID_JOINTS_TYPE': '',
             'NUM_JOINTS_HALF_BODY': 8,
             'PROB_HALF_BODY': 0.0,
             'ROOT': 'dog/images',
             'ROT_FACTOR': 30,
             'SCALE_FACTOR': 0.25,
             'SELECT_DATA': False,
             'TEST_SET': 'val',
             'TRAIN_SET': 'train'},
 'DATA_DIR': '',
 'DEBUG': {'DEBUG': False,
           'SAVE_BATCH_IMAGES_GT': False,
           'SAVE_BATCH_IMAGES_PRED': False,
           'SAVE_HEATMAPS_GT': False,
           'SAVE_HEATMAPS_PRED': False},
 'GPUS': (0, 1),
 'LOG_DIR': 'log/',
 'LOSS': {'TOPK': 8,
          'USE_DIFFERENT_JOINTS_WEIGHT': False,
          'USE_OHKM': False,
          'USE_TARGET_WEIGHT': True},
 'MODEL': {'EXTRA': CfgNode({}),
           'HEATMAP_SIZE': [64, 64],
           'IMAGE_SIZE': [224, 224],
           'INIT_WEIGHTS': True,
           'NAME': 'resnet18',
           'NUM_CLASSES': 120,
           'NUM_JOINTS': 17,
           'PRETRAINED': '',
           'SIGMA': 2,
           'TAG_PER_JOINT': True,
           'TARGET_TYPE': 'gaussian'},
 'OUTPUT_DIR': 'output/',
 'PIN_MEMORY': True,
 'PRINT_FREQ': 20,
 'RANK': 0,
 'TEST': {'BATCH_SIZE_PER_GPU': 64,
          'BBOX_THRE': 1.0,
          'COCO_BBOX_FILE': '',
          'FLIP_TEST': False,
          'IMAGE_THRE': 0.1,
          'IN_VIS_THRE': 0.0,
          'MODEL_FILE': '',
          'NMS_THRE': 0.6,
          'OKS_THRE': 0.5,
          'POST_PROCESS': False,
          'SHIFT_HEATMAP': False,
          'SOFT_NMS': False,
          'USE_GT_BBOX': False},
 'TRAIN': {'BATCH_SIZE_PER_GPU': 64,
           'BEGIN_EPOCH': 0,
           'CHECKPOINT': '',
           'END_EPOCH': 120,
           'GAMMA1': 0.99,
           'GAMMA2': 0.0,
           'LR': 0.05,
           'LR_FACTOR': 0.1,
           'LR_STEP': [30, 60, 90],
           'MOMENTUM': 0.9,
           'NESTEROV': True,
           'OPTIMIZER': 'sgd',
           'RESUME': False,
           'SHUFFLE': True,
           'WD': 0.0001},
 'WORKERS': 8}

Total Parameters: 11,238,072
----------------------------------------------------------------------------------------------------------------------------------
Total Multiply Adds (For Convolution and Linear Layers only): 1.6890678405761719 GFLOPs
----------------------------------------------------------------------------------------------------------------------------------
Number of Layers
Conv2d : 20 layers   BatchNorm2d : 20 layers   ReLU : 17 layers   MaxPool2d : 1 layers   BasicBlock : 8 layers   AdaptiveAvgPool2d : 1 layers   Linear : 1 layers   
=> creating output/dog/cls_res18
=> creating log/dog/resnet18/cls_res18_2020-10-29-10-52
Traceback (most recent call last):
  File "tools/train.py", line 275, in <module>
    main()
  File "tools/train.py", line 128, in main
    model = torch.nn.DataParallel(model, device_ids=gpus).cuda()
  File "/data/fengry/anaconda3/envs/paa/lib/python3.7/site-packages/torch/nn/parallel/data_parallel.py", line 120, in __init__
    if not torch.cuda.is_available():
  File "/data/fengry/anaconda3/envs/paa/lib/python3.7/site-packages/torch/cuda/__init__.py", line 50, in is_available
    not torch._C._cuda_isDriverSufficient()):
KeyboardInterrupt
